[     6.900] Warning: The directory "/usr/share/fonts/X11/cyrillic" does not exist.
[     6.900] Warning: The directory "/usr/share/fonts/X11/100dpi/" does not exist.
[     6.900] Warning: The directory "/usr/share/fonts/X11/75dpi/" does not exist.
[     6.900] Warning: The directory "/usr/share/fonts/X11/100dpi" does not exist.
[     6.900] Warning: The directory "/usr/share/fonts/X11/75dpi" does not exist.
[     6.935] Warning: Falling back to old probe method for modesetting
[     6.935] Warning: Falling back to old probe method for fbdev
[     6.936] Warning: VGA arbiter: cannot open kernel arbiter, no multi-card support
[     6.900] Information: The server relies on udev to provide the list of input devices.
[     6.900] Information: Loader magic: 0x556ba5af4020
[     6.900] Information: Module ABI versions:
[     6.904] Information: systemd-logind: took control of session /org/freedesktop/login1/session/_31
[     6.905] Information: xfree86: Adding drm device (/dev/dri/card0)
[     6.906] Information: systemd-logind: got fd for /dev/dri/card0 226:0 fd 12 paused 0
[     6.911] Information: LoadModule: "glx"
[     6.914] Information: Loading /usr/lib/xorg/modules/extensions/libglx.so
[     6.926] Information: Module glx: vendor="X.Org Foundation"
[     6.926] Information: Applying OutputClass "AMDgpu" to /dev/dri/card0
[     6.926] Information: LoadModule: "amdgpu"
[     6.926] Information: Loading /usr/lib/xorg/modules/drivers/amdgpu_drv.so
[     6.931] Information: Module amdgpu: vendor="X.Org Foundation"
[     6.931] Information: LoadModule: "ati"
[     6.931] Information: Loading /usr/lib/xorg/modules/drivers/ati_drv.so
[     6.931] Information: Module ati: vendor="X.Org Foundation"
[     6.931] Information: LoadModule: "modesetting"
[     6.932] Information: Loading /usr/lib/xorg/modules/drivers/modesetting_drv.so
[     6.933] Information: Module modesetting: vendor="X.Org Foundation"
[     6.933] Information: LoadModule: "fbdev"
[     6.933] Information: Loading /usr/lib/xorg/modules/drivers/fbdev_drv.so
[     6.933] Information: Module fbdev: vendor="X.Org Foundation"
[     6.933] Information: LoadModule: "vesa"
[     6.933] Information: Loading /usr/lib/xorg/modules/drivers/vesa_drv.so
[     6.934] Information: Module vesa: vendor="X.Org Foundation"
[     6.934] Information: AMDGPU: Driver for AMD Radeon:
[     6.934] Information: modesetting: Driver for Modesetting Kernel Drivers: kms
[     6.934] Information: FBDEV: driver for framebuffer: fbdev
[     6.934] Information: VESA: driver for VESA chipsets: vesa
[     6.935] Information: Loading sub module "fbdevhw"
[     6.935] Information: LoadModule: "fbdevhw"
[     6.935] Information: Loading /usr/lib/xorg/modules/libfbdevhw.so
[     6.936] Information: Module fbdevhw: vendor="X.Org Foundation"
[     6.936] Information: AMDGPU(0): Creating default Display subsection in Screen section
[     6.936] Information: AMDGPU(0): Pixel depth = 24 bits stored in 4 bytes (32 bpp pixmaps)
[     6.936] Information: AMDGPU(0): Using 8 bits per RGB (8 bit DAC)
[     6.936] Information: Loading sub module "fb"
[     6.936] Information: LoadModule: "fb"
[     6.936] Information: Loading /usr/lib/xorg/modules/libfb.so
[     6.937] Information: Module fb: vendor="X.Org Foundation"
[     6.937] Information: Loading sub module "dri2"
[     6.937] Information: LoadModule: "dri2"
[     6.937] Information: Module "dri2" already built-in
[     7.154] Information: Loading sub module "glamoregl"
[     7.154] Information: LoadModule: "glamoregl"
[     7.155] Information: Loading /usr/lib/xorg/modules/libglamoregl.so
[     7.171] Information: Module glamoregl: vendor="X.Org Foundation"
[     7.221] Information: AMDGPU(0): glamor X acceleration enabled on AMD RAVEN (DRM 3.35.0, 5.4.0-52-generic, LLVM 10.0.0)
[     7.221] Information: AMDGPU(0): glamor detected, initialising EGL layer.
[     7.221] Information: AMDGPU(0): KMS Pageflipping: enabled
[     7.221] Information: AMDGPU(0): Output HDMI-A-0 has no monitor section
[     7.222] Information: AMDGPU(0): Output eDP has no monitor section
[     7.222] Information: AMDGPU(0): Output DisplayPort-0 has no monitor section
[     7.238] Information: AMDGPU(0): EDID for output HDMI-A-0
[     7.238] Information: AMDGPU(0): EDID for output eDP
[     7.238] Information: AMDGPU(0): Manufacturer: CMN  Model: 15d5  Serial#: 0
[     7.238] Information: AMDGPU(0): Year: 2015  Week: 38
[     7.238] Information: AMDGPU(0): EDID Version: 1.4
[     7.238] Information: AMDGPU(0): Digital Display Input
[     7.238] Information: AMDGPU(0): 6 bits per channel
[     7.238] Information: AMDGPU(0): Digital interface is DisplayPort
[     7.238] Information: AMDGPU(0): Max Image Size [cm]: horiz.: 34  vert.: 19
[     7.238] Information: AMDGPU(0): Gamma: 2.20
[     7.238] Information: AMDGPU(0): No DPMS capabilities specified
[     7.238] Information: AMDGPU(0): Supported color encodings: RGB 4:4:4 
[     7.238] Information: AMDGPU(0): First detailed timing is preferred mode
[     7.238] Information: AMDGPU(0): Preferred mode is native pixel format and refresh rate
[     7.238] Information: AMDGPU(0): redX: 0.554 redY: 0.322   greenX: 0.327 greenY: 0.582
[     7.238] Information: AMDGPU(0): blueX: 0.163 blueY: 0.134   whiteX: 0.313 whiteY: 0.329
[     7.238] Information: AMDGPU(0): Manufacturer's mask: 0
[     7.238] Information: AMDGPU(0): Supported detailed timing:
[     7.238] Information: AMDGPU(0): clock: 152.8 MHz   Image Size:  344 x 193 mm
[     7.238] Information: AMDGPU(0): h_active: 1920  h_sync: 1964  h_sync_end 1992 h_blank_end 2250 h_border: 0
[     7.238] Information: AMDGPU(0): v_active: 1080  v_sync: 1082  v_sync_end 1086 v_blanking: 1132 v_border: 0
[     7.238] Information: AMDGPU(0):  N156HGA-EAB
[     7.238] Information: AMDGPU(0):  CMN
[     7.238] Information: AMDGPU(0):  N156HGA-EAB
[     7.238] Information: AMDGPU(0): EDID (in hex):
[     7.238] Information: AMDGPU(0): 	00ffffffffffff000daed51500000000
[     7.238] Information: AMDGPU(0): 	261901049522137802ecd58d52539529
[     7.238] Information: AMDGPU(0): 	22505400000001010101010101010101
[     7.238] Information: AMDGPU(0): 	010101010101b43b804a713834402c1c
[     7.238] Information: AMDGPU(0): 	240058c110000018000000fe004e3135
[     7.238] Information: AMDGPU(0): 	364847412d4541420a20000000fe0043
[     7.238] Information: AMDGPU(0): 	4d4e0a202020202020202020000000fe
[     7.238] Information: AMDGPU(0): 	004e3135364847412d4541420a20001b
[     7.238] Information: AMDGPU(0): Printing probed modes for output eDP
[     7.238] Information: AMDGPU(0): Modeline "1920x1080"x60.0  152.84  1920 1964 1992 2250  1080 1082 1086 1132 -hsync -vsync (67.9 kHz eP)
[     7.238] Information: AMDGPU(0): Modeline "1680x1050"x60.0  152.84  1680 1964 1992 2250  1050 1082 1086 1132 -hsync -vsync (67.9 kHz e)
[     7.238] Information: AMDGPU(0): Modeline "1280x1024"x60.0  152.84  1280 1964 1992 2250  1024 1082 1086 1132 -hsync -vsync (67.9 kHz e)
[     7.238] Information: AMDGPU(0): Modeline "1440x900"x60.0  152.84  1440 1964 1992 2250  900 1082 1086 1132 -hsync -vsync (67.9 kHz e)
[     7.238] Information: AMDGPU(0): Modeline "1280x800"x60.0  152.84  1280 1964 1992 2250  800 1082 1086 1132 -hsync -vsync (67.9 kHz e)
[     7.239] Information: AMDGPU(0): Modeline "1280x720"x60.0  152.84  1280 1964 1992 2250  720 1082 1086 1132 -hsync -vsync (67.9 kHz e)
[     7.239] Information: AMDGPU(0): Modeline "1024x768"x60.0  152.84  1024 1964 1992 2250  768 1082 1086 1132 -hsync -vsync (67.9 kHz e)
[     7.239] Information: AMDGPU(0): Modeline "800x600"x60.0  152.84  800 1964 1992 2250  600 1082 1086 1132 -hsync -vsync (67.9 kHz e)
[     7.239] Information: AMDGPU(0): Modeline "640x480"x60.0  152.84  640 1964 1992 2250  480 1082 1086 1132 -hsync -vsync (67.9 kHz e)
[     7.239] Information: AMDGPU(0): EDID for output DisplayPort-0
[     7.239] Information: AMDGPU(0): Output HDMI-A-0 disconnected
[     7.239] Information: AMDGPU(0): Output eDP connected
[     7.239] Information: AMDGPU(0): Output DisplayPort-0 disconnected
[     7.239] Information: AMDGPU(0): Using exact sizes for initial modes
[     7.239] Information: AMDGPU(0): Output eDP using initial mode 1920x1080 +0+0
[     7.239] Information: AMDGPU(0): mem size init: gart size :bf7d6000 vram size: s:3e059000 visible:3e059000
[     7.239] Information: Loading sub module "ramdac"
[     7.239] Information: LoadModule: "ramdac"
[     7.239] Information: Module "ramdac" already built-in
[     7.239] Information: UnloadModule: "modesetting"
[     7.239] Information: Unloading modesetting
[     7.239] Information: UnloadModule: "fbdev"
[     7.239] Information: Unloading fbdev
[     7.239] Information: UnloadSubModule: "fbdevhw"
[     7.239] Information: Unloading fbdevhw
[     7.239] Information: UnloadModule: "vesa"
[     7.239] Information: Unloading vesa
[     7.240] Information: AMDGPU(0): [DRI2] Setup complete
[     7.240] Information: AMDGPU(0): [DRI2]   DRI driver: radeonsi
[     7.240] Information: AMDGPU(0): [DRI2]   VDPAU driver: radeonsi
[     7.471] Information: AMDGPU(0): Front buffer pitch: 7680 bytes
[     7.472] Information: AMDGPU(0): SYNC extension fences enabled
[     7.472] Information: AMDGPU(0): Present extension enabled
[     7.472] Information: AMDGPU(0): Direct rendering enabled
[     7.514] Information: AMDGPU(0): Use GLAMOR acceleration.
[     7.514] Information: AMDGPU(0): Acceleration enabled
[     7.514] Information: AMDGPU(0): Set up textured video (glamor)
[     7.521] Information: Initializing extension Generic Event Extension
[     7.521] Information: Initializing extension SHAPE
[     7.521] Information: Initializing extension MIT-SHM
[     7.521] Information: Initializing extension XInputExtension
[     7.522] Information: Initializing extension XTEST
[     7.522] Information: Initializing extension BIG-REQUESTS
[     7.522] Information: Initializing extension SYNC
[     7.522] Information: Initializing extension XKEYBOARD
[     7.523] Information: Initializing extension XC-MISC
[     7.523] Information: Initializing extension SECURITY
[     7.523] Information: Initializing extension XFIXES
[     7.523] Information: Initializing extension RENDER
[     7.523] Information: Initializing extension RANDR
[     7.523] Information: Initializing extension COMPOSITE
[     7.523] Information: Initializing extension DAMAGE
[     7.524] Information: Initializing extension MIT-SCREEN-SAVER
[     7.524] Information: Initializing extension DOUBLE-BUFFER
[     7.524] Information: Initializing extension RECORD
[     7.524] Information: Initializing extension DPMS
[     7.524] Information: Initializing extension Present
[     7.524] Information: Initializing extension DRI3
[     7.524] Information: Initializing extension X-Resource
[     7.525] Information: Initializing extension XVideo
[     7.525] Information: Initializing extension XVideo-MotionCompensation
[     7.525] Information: Initializing extension SELinux
[     7.525] Information: SELinux: Disabled on system
[     7.525] Information: Initializing extension GLX
[     7.531] Information: AIGLX: Loaded and initialized radeonsi
[     7.531] Information: GLX: Initialized DRI2 GL provider for screen 0
[     7.531] Information: Initializing extension XFree86-VidModeExtension
[     7.532] Information: Initializing extension XFree86-DGA
[     7.532] Information: Initializing extension XFree86-DRI
[     7.532] Information: Initializing extension DRI2
[     7.536] Information: AMDGPU(0): Setting screen physical size to 508 x 285
[     7.647] Information: config/udev: Adding input device Acer Wireless Radio Control (/dev/input/event9)
[     7.648] Information: LoadModule: "libinput"
[     7.648] Information: Loading /usr/lib/xorg/modules/input/libinput_drv.so
[     7.657] Information: Module libinput: vendor="X.Org Foundation"
[     7.657] Information: Using input driver 'libinput' for 'Acer Wireless Radio Control'
[     7.658] Information: systemd-logind: got fd for /dev/input/event9 13:73 fd 26 paused 0
[     7.669] Information: event9  - Acer Wireless Radio Control: is tagged by udev as: Keyboard
[     7.669] Information: event9  - Acer Wireless Radio Control: device is a keyboard
[     7.669] Information: event9  - Acer Wireless Radio Control: device removed
[     7.670] Information: XINPUT: Adding extended input device "Acer Wireless Radio Control" (type: KEYBOARD, id 6)
[     7.692] Information: event9  - Acer Wireless Radio Control: is tagged by udev as: Keyboard
[     7.692] Information: event9  - Acer Wireless Radio Control: device is a keyboard
[     7.693] Information: config/udev: Adding input device Power Button (/dev/input/event3)
[     7.693] Information: Using input driver 'libinput' for 'Power Button'
[     7.693] Information: systemd-logind: got fd for /dev/input/event3 13:67 fd 29 paused 0
[     7.697] Information: event3  - Power Button: is tagged by udev as: Keyboard
[     7.697] Information: event3  - Power Button: device is a keyboard
[     7.698] Information: event3  - Power Button: device removed
[     7.698] Information: XINPUT: Adding extended input device "Power Button" (type: KEYBOARD, id 7)
[     7.699] Information: event3  - Power Button: is tagged by udev as: Keyboard
[     7.699] Information: event3  - Power Button: device is a keyboard
[     7.700] Information: config/udev: Adding input device Video Bus (/dev/input/event5)
[     7.700] Information: Using input driver 'libinput' for 'Video Bus'
[     7.701] Information: systemd-logind: got fd for /dev/input/event5 13:69 fd 30 paused 0
[     7.703] Information: event5  - Video Bus: is tagged by udev as: Keyboard
[     7.703] Information: event5  - Video Bus: device is a keyboard
[     7.703] Information: event5  - Video Bus: device removed
[     7.703] Information: XINPUT: Adding extended input device "Video Bus" (type: KEYBOARD, id 8)
[     7.705] Information: event5  - Video Bus: is tagged by udev as: Keyboard
[     7.705] Information: event5  - Video Bus: device is a keyboard
[     7.706] Information: config/udev: Adding input device Lid Switch (/dev/input/event2)
[     7.706] Information: No input driver specified, ignoring this device.
[     7.706] Information: This device may have been added with another device file.
[     7.707] Information: config/udev: Adding input device Power Button (/dev/input/event0)
[     7.707] Information: Using input driver 'libinput' for 'Power Button'
[     7.708] Information: systemd-logind: got fd for /dev/input/event0 13:64 fd 31 paused 0
[     7.709] Information: event0  - Power Button: is tagged by udev as: Keyboard
[     7.709] Information: event0  - Power Button: device is a keyboard
[     7.709] Information: event0  - Power Button: device removed
[     7.709] Information: XINPUT: Adding extended input device "Power Button" (type: KEYBOARD, id 9)
[     7.710] Information: event0  - Power Button: is tagged by udev as: Keyboard
[     7.710] Information: event0  - Power Button: device is a keyboard
[     7.711] Information: config/udev: Adding input device Sleep Button (/dev/input/event1)
[     7.711] Information: Using input driver 'libinput' for 'Sleep Button'
[     7.713] Information: systemd-logind: got fd for /dev/input/event1 13:65 fd 32 paused 0
[     7.715] Information: event1  - Sleep Button: is tagged by udev as: Keyboard
[     7.715] Information: event1  - Sleep Button: device is a keyboard
[     7.715] Information: event1  - Sleep Button: device removed
[     7.715] Information: XINPUT: Adding extended input device "Sleep Button" (type: KEYBOARD, id 10)
[     7.717] Information: event1  - Sleep Button: is tagged by udev as: Keyboard
[     7.717] Information: event1  - Sleep Button: device is a keyboard
[     7.718] Information: config/udev: Adding input device HD-Audio Generic HDMI/DP,pcm=3 (/dev/input/event12)
[     7.718] Information: No input driver specified, ignoring this device.
[     7.718] Information: This device may have been added with another device file.
[     7.719] Information: config/udev: Adding input device Logitech Wireless Mouse (/dev/input/event8)
[     7.719] Information: Using input driver 'libinput' for 'Logitech Wireless Mouse'
[     7.720] Information: systemd-logind: got fd for /dev/input/event8 13:72 fd 33 paused 0
[     7.724] Information: event8  - Logitech Wireless Mouse: is tagged by udev as: Mouse
[     7.724] Information: event8  - Logitech Wireless Mouse: device is a pointer
[     7.724] Information: event8  - Logitech Wireless Mouse: device removed
[     7.724] Information: XINPUT: Adding extended input device "Logitech Wireless Mouse" (type: MOUSE, id 11)
[     7.727] Information: event8  - Logitech Wireless Mouse: is tagged by udev as: Mouse
[     7.727] Information: event8  - Logitech Wireless Mouse: device is a pointer
[     7.728] Information: config/udev: Adding input device Logitech Wireless Mouse (/dev/input/mouse2)
[     7.728] Information: No input driver specified, ignoring this device.
[     7.728] Information: This device may have been added with another device file.
[     7.729] Information: config/udev: Adding input device VGA WebCam: VGA WebCam (/dev/input/event11)
[     7.730] Information: Using input driver 'libinput' for 'VGA WebCam: VGA WebCam'
[     7.731] Information: systemd-logind: got fd for /dev/input/event11 13:75 fd 34 paused 0
[     7.734] Information: event11 - VGA WebCam: VGA WebCam: is tagged by udev as: Keyboard
[     7.734] Information: event11 - VGA WebCam: VGA WebCam: device is a keyboard
[     7.734] Information: event11 - VGA WebCam: VGA WebCam: device removed
[     7.734] Information: XINPUT: Adding extended input device "VGA WebCam: VGA WebCam" (type: KEYBOARD, id 12)
[     7.737] Information: event11 - VGA WebCam: VGA WebCam: is tagged by udev as: Keyboard
[     7.737] Information: event11 - VGA WebCam: VGA WebCam: device is a keyboard
[     7.737] Information: config/udev: Adding input device HD-Audio Generic Front Headphone (/dev/input/event13)
[     7.737] Information: No input driver specified, ignoring this device.
[     7.737] Information: This device may have been added with another device file.
[     7.738] Information: config/udev: Adding input device ELAN0504:01 04F3:3091 Mouse (/dev/input/event7)
[     7.738] Information: Using input driver 'libinput' for 'ELAN0504:01 04F3:3091 Mouse'
[     7.739] Information: systemd-logind: got fd for /dev/input/event7 13:71 fd 35 paused 0
[     7.742] Information: event7  - ELAN0504:01 04F3:3091 Mouse: is tagged by udev as: Mouse Pointingstick
[     7.742] Information: event7  - ELAN0504:01 04F3:3091 Mouse: device is a pointer
[     7.743] Information: event7  - ELAN0504:01 04F3:3091 Mouse: device removed
[     7.743] Information: XINPUT: Adding extended input device "ELAN0504:01 04F3:3091 Mouse" (type: MOUSE, id 13)
[     7.744] Information: event7  - ELAN0504:01 04F3:3091 Mouse: is tagged by udev as: Mouse Pointingstick
[     7.745] Information: event7  - ELAN0504:01 04F3:3091 Mouse: device is a pointer
[     7.746] Information: config/udev: Adding input device ELAN0504:01 04F3:3091 Mouse (/dev/input/mouse0)
[     7.746] Information: No input driver specified, ignoring this device.
[     7.746] Information: This device may have been added with another device file.
[     7.747] Information: config/udev: Adding input device ELAN0504:01 04F3:3091 Touchpad (/dev/input/event10)
[     7.747] Information: Using input driver 'libinput' for 'ELAN0504:01 04F3:3091 Touchpad'
[     7.749] Information: systemd-logind: got fd for /dev/input/event10 13:74 fd 36 paused 0
[     7.751] Information: event10 - ELAN0504:01 04F3:3091 Touchpad: is tagged by udev as: Touchpad
[     7.752] Information: event10 - ELAN0504:01 04F3:3091 Touchpad: device is a touchpad
[     7.752] Information: event10 - ELAN0504:01 04F3:3091 Touchpad: device removed
[     7.752] Information: XINPUT: Adding extended input device "ELAN0504:01 04F3:3091 Touchpad" (type: TOUCHPAD, id 14)
[     7.755] Information: event10 - ELAN0504:01 04F3:3091 Touchpad: is tagged by udev as: Touchpad
[     7.756] Information: event10 - ELAN0504:01 04F3:3091 Touchpad: device is a touchpad
[     7.757] Information: config/udev: Adding input device ELAN0504:01 04F3:3091 Touchpad (/dev/input/mouse1)
[     7.757] Information: No input driver specified, ignoring this device.
[     7.757] Information: This device may have been added with another device file.
[     7.758] Information: config/udev: Adding input device AT Translated Set 2 keyboard (/dev/input/event4)
[     7.758] Information: Using input driver 'libinput' for 'AT Translated Set 2 keyboard'
[     7.760] Information: systemd-logind: got fd for /dev/input/event4 13:68 fd 37 paused 0
[     7.761] Information: event4  - AT Translated Set 2 keyboard: is tagged by udev as: Keyboard
[     7.761] Information: event4  - AT Translated Set 2 keyboard: device is a keyboard
[     7.762] Information: event4  - AT Translated Set 2 keyboard: device removed
[     7.762] Information: XINPUT: Adding extended input device "AT Translated Set 2 keyboard" (type: KEYBOARD, id 15)
[     7.763] Information: event4  - AT Translated Set 2 keyboard: is tagged by udev as: Keyboard
[     7.763] Information: event4  - AT Translated Set 2 keyboard: device is a keyboard
[     7.767] Information: config/udev: Adding input device Acer WMI hotkeys (/dev/input/event6)
[     7.767] Information: Using input driver 'libinput' for 'Acer WMI hotkeys'
[     7.768] Information: systemd-logind: got fd for /dev/input/event6 13:70 fd 38 paused 0
[     7.770] Information: event6  - Acer WMI hotkeys: is tagged by udev as: Keyboard
[     7.770] Information: event6  - Acer WMI hotkeys: device is a keyboard
[     7.770] Information: event6  - Acer WMI hotkeys: device removed
[     7.770] Information: XINPUT: Adding extended input device "Acer WMI hotkeys" (type: KEYBOARD, id 16)
[     7.771] Information: event6  - Acer WMI hotkeys: is tagged by udev as: Keyboard
[     7.771] Information: event6  - Acer WMI hotkeys: device is a keyboard
[     8.418] Information: AMDGPU(0): EDID vendor "CMN", prod id 5589
[     8.418] Information: AMDGPU(0): Printing DDC gathered Modelines:
[     8.418] Information: AMDGPU(0): Modeline "1920x1080"x0.0  152.84  1920 1964 1992 2250  1080 1082 1086 1132 -hsync -vsync (67.9 kHz eP)
[    10.136] Information: AMDGPU(0): EDID vendor "CMN", prod id 5589
[    10.136] Information: AMDGPU(0): Printing DDC gathered Modelines:
[    10.136] Information: AMDGPU(0): Modeline "1920x1080"x0.0  152.84  1920 1964 1992 2250  1080 1082 1086 1132 -hsync -vsync (67.9 kHz eP)
[  5011.898] Information: event8  - Logitech Wireless Mouse: Enabling spurious button debouncing, see https://wayland.freedesktop.org/libinput/doc/1.15.5/button-debouncing.html for details
[ 19838.647] Information: AMDGPU(0): EDID vendor "CMN", prod id 5589
[ 19838.648] Information: AMDGPU(0): Printing DDC gathered Modelines:
[ 19838.648] Information: AMDGPU(0): Modeline "1920x1080"x0.0  152.84  1920 1964 1992 2250  1080 1082 1086 1132 -hsync -vsync (67.9 kHz eP)
